nohup: ignoring input
üöÄ Starting Supabase Docker API with Spotify Waveform Code Generation...
üì° Available endpoints:
  GET  /api/frames/           - List all frames
  GET  /api/frames/{id}/      - Get specific frame
  GET  /api/orders/            - List orders from Supabase
  POST /api/orders/            - Create order with audio upload & Spotify waveform code
  GET  /api/scan/{id}/         - Scan frame Spotify waveform code
  POST /api/track-play/{id}/   - Track audio play
  GET  /api/statistics/        - Get statistics
  GET  /api/test-storage/      - Test Supabase Storage connection
  GET  /health/                 - Health check (includes storage status)

üåê Server running on http://localhost:8001
üîó Supabase URL: https://qksmfogjdurxgzmlcujb.supabase.co
üéµ Spotify waveform codes will be generated automatically for audio uploads!
üì¶ Waveform codes are stored in Supabase Storage (wave_codes bucket)
üì± Mobile app can scan waveform codes to play recorded audio

‚ö†Ô∏è  IMPORTANT Setup:
   1. Create 'wave_codes' bucket in Supabase Storage Dashboard
      ‚Üí Go to Storage ‚Üí Create bucket ‚Üí Name: 'wave_codes' ‚Üí Set PUBLIC
   2. Create 'api_order' table with columns: audio_file_url, qr_code_url, qr_code_data
   3. Test storage: GET http://localhost:8001/api/test-storage/
   4. Check health: GET http://localhost:8001/health/
 * Serving Flask app 'supabase_docker_api' (lazy loading)
 * Environment: production
   WARNING: This is a development server. Do not use it in a production deployment.
   Use a production WSGI server instead.
 * Debug mode: off
 * Running on all addresses.
   WARNING: This is a development server. Do not use it in a production deployment.
 * Running on http://192.168.1.18:8001/ (Press CTRL+C to quit)
Traceback (most recent call last):
  File "/home/badran/.local/lib/python3.10/site-packages/urllib3/connection.py", line 169, in _new_conn
    conn = connection.create_connection(
  File "/home/badran/.local/lib/python3.10/site-packages/urllib3/util/connection.py", line 73, in create_connection
    for res in socket.getaddrinfo(host, port, family, socket.SOCK_STREAM):
  File "/usr/lib/python3.10/socket.py", line 955, in getaddrinfo
    for res in _socket.getaddrinfo(host, port, family, type, proto, flags):
socket.gaierror: [Errno -2] Name or service not known

During handling of the above exception, another exception occurred:

Traceback (most recent call last):
  File "/home/badran/.local/lib/python3.10/site-packages/urllib3/connectionpool.py", line 699, in urlopen
    httplib_response = self._make_request(
  File "/home/badran/.local/lib/python3.10/site-packages/urllib3/connectionpool.py", line 382, in _make_request
    self._validate_conn(conn)
  File "/home/badran/.local/lib/python3.10/site-packages/urllib3/connectionpool.py", line 1010, in _validate_conn
    conn.connect()
  File "/home/badran/.local/lib/python3.10/site-packages/urllib3/connection.py", line 353, in connect
    conn = self._new_conn()
  File "/home/badran/.local/lib/python3.10/site-packages/urllib3/connection.py", line 181, in _new_conn
    raise NewConnectionError(
urllib3.exceptions.NewConnectionError: <urllib3.connection.HTTPSConnection object at 0x7f5530575ae0>: Failed to establish a new connection: [Errno -2] Name or service not known

During handling of the above exception, another exception occurred:

Traceback (most recent call last):
  File "/home/badran/.local/lib/python3.10/site-packages/requests/adapters.py", line 486, in send
    resp = conn.urlopen(
  File "/home/badran/.local/lib/python3.10/site-packages/urllib3/connectionpool.py", line 755, in urlopen
    retries = retries.increment(
  File "/home/badran/.local/lib/python3.10/site-packages/urllib3/util/retry.py", line 574, in increment
    raise MaxRetryError(_pool, url, error or ResponseError(cause))
urllib3.exceptions.MaxRetryError: HTTPSConnectionPool(host='qksmfogjdurxgzmlcujb.supabase.co', port=443): Max retries exceeded with url: /rest/v1/api_order (Caused by NewConnectionError('<urllib3.connection.HTTPSConnection object at 0x7f5530575ae0>: Failed to establish a new connection: [Errno -2] Name or service not known'))

During handling of the above exception, another exception occurred:

Traceback (most recent call last):
  File "/home/badran/Downloads/Freelance_2025/audio_frame_art/supabase_docker_api.py", line 761, in save_order_to_supabase
    response = requests.post(url, headers=headers, json=supabase_data)
  File "/home/badran/.local/lib/python3.10/site-packages/requests/api.py", line 115, in post
    return request("post", url, data=data, json=json, **kwargs)
  File "/home/badran/.local/lib/python3.10/site-packages/requests/api.py", line 59, in request
    return session.request(method=method, url=url, **kwargs)
  File "/home/badran/.local/lib/python3.10/site-packages/requests/sessions.py", line 589, in request
    resp = self.send(prep, **send_kwargs)
  File "/home/badran/.local/lib/python3.10/site-packages/requests/sessions.py", line 703, in send
    r = adapter.send(request, **kwargs)
  File "/home/badran/.local/lib/python3.10/site-packages/requests/adapters.py", line 519, in send
    raise ConnectionError(e, request=request)
requests.exceptions.ConnectionError: HTTPSConnectionPool(host='qksmfogjdurxgzmlcujb.supabase.co', port=443): Max retries exceeded with url: /rest/v1/api_order (Caused by NewConnectionError('<urllib3.connection.HTTPSConnection object at 0x7f5530575ae0>: Failed to establish a new connection: [Errno -2] Name or service not known'))
127.0.0.1 - - [24/Jan/2026 11:12:30] "POST /api/orders/ HTTP/1.1" 500 -
127.0.0.1 - - [24/Jan/2026 11:12:51] "GET /api/play/1/ HTTP/1.1" 404 -
